  compilation object save succeeded; see C:\Users\2250280\Desktop\team03\Data\Shader\BasicPS.cso
  compilation object save succeeded; see C:\Users\2250280\Desktop\team03\Data\Shader\BasicVS.cso
  compilation object save succeeded; see C:\Users\2250280\Desktop\team03\Data\Shader\LambertPS.cso
  compilation object save succeeded; see C:\Users\2250280\Desktop\team03\Data\Shader\LambertVS.cso
  compilation object save succeeded; see C:\Users\2250280\Desktop\team03\Data\Shader\ShapeRendererPS.cso
  compilation object save succeeded; see C:\Users\2250280\Desktop\team03\Data\Shader\ShapeRendererVS.cso
  compilation object save succeeded; see C:\Users\2250280\Desktop\team03\Data\Shader\PrimitiveRendererPS.cso
  compilation object save succeeded; see C:\Users\2250280\Desktop\team03\Data\Shader\PrimitiveRendererVS.cso
  compilation object save succeeded; see C:\Users\2250280\Desktop\team03\Data\Shader\SpritePS.cso
  compilation object save succeeded; see C:\Users\2250280\Desktop\team03\Data\Shader\SpriteVS.cso
  imgui.cpp
  imgui_demo.cpp
  imgui_draw.cpp
  imgui_impl_dx11.cpp
  imgui_impl_win32.cpp
  imgui_widgets.cpp
  Button.cpp
  ButtonManager.cpp
  Camera.cpp
  CameraController.cpp
  Character.cpp
  Collision.cpp
  Effect.cpp
  EffectManager.cpp
  Enemy.cpp
  EnemyManager.cpp
  EnemySlime.cpp
  Framework.cpp
  Main.cpp
  MathUtils.cpp
  Menu.cpp
  ParentChild.cpp
  Player.cpp
  ProjectileHoming.cpp
  Projectile.cpp
  ProjectileManager.cpp
  ProjectileStraight.cpp
  RayCast.cpp
  SceneGame.cpp
C:\Users\2250280\Desktop\team03\Source\Character.cpp(71,12): warning C4244: '初期化中': 'double' から 'float' への変換です。データが失われる可能性があります。
C:\Users\2250280\Desktop\team03\Source\Character.cpp(76,9): warning C4552: '-': 式の結果が使用されていません
C:\Users\2250280\Desktop\team03\Source\Character.cpp(81,9): warning C4552: '-': 式の結果が使用されていません
  SceneLoading.cpp
  SceneManager.cpp
  SceneTitle.cpp
  Stage.cpp
  Audio.cpp
  AudioResource.cpp
  AudioSource.cpp
  BasicShader.cpp
  GamePad.cpp
  GpuResourceUtils.cpp
  Graphics.cpp
  ImGuiRenderer.cpp
  Input.cpp
  LambertShader.cpp
  Model.cpp
  ModelRenderer.cpp
  ModelResource.cpp
  Mouse.cpp
  RenderState.cpp
  ShapeRenderer.cpp
  Sprite.cpp
     ライブラリ bin\x64\Debug\Game.lib とオブジェクト bin\x64\Debug\Game.exp を作成中
  Game.vcxproj -> C:\Users\2250280\Desktop\team03\bin\x64\Debug\Game.exe
