  compilation object save succeeded; see C:\Users\coroc\OneDrive - yamaguchigakuen\ゲームプロⅢ\ゲームプログラミングⅢ(学生配布)\ゲームプログラミングⅢ(学生配布)\Data\Shader\BasicPS.cso
  compilation object save succeeded; see C:\Users\coroc\OneDrive - yamaguchigakuen\ゲームプロⅢ\ゲームプログラミングⅢ(学生配布)\ゲームプログラミングⅢ(学生配布)\Data\Shader\BasicVS.cso
  compilation object save succeeded; see C:\Users\coroc\OneDrive - yamaguchigakuen\ゲームプロⅢ\ゲームプログラミングⅢ(学生配布)\ゲームプログラミングⅢ(学生配布)\Data\Shader\LambertPS.cso
  compilation object save succeeded; see C:\Users\coroc\OneDrive - yamaguchigakuen\ゲームプロⅢ\ゲームプログラミングⅢ(学生配布)\ゲームプログラミングⅢ(学生配布)\Data\Shader\LambertVS.cso
  compilation object save succeeded; see C:\Users\coroc\OneDrive - yamaguchigakuen\ゲームプロⅢ\ゲームプログラミングⅢ(学生配布)\ゲームプログラミングⅢ(学生配布)\Data\Shader\ShapeRendererPS.cso
  compilation object save succeeded; see C:\Users\coroc\OneDrive - yamaguchigakuen\ゲームプロⅢ\ゲームプログラミングⅢ(学生配布)\ゲームプログラミングⅢ(学生配布)\Data\Shader\ShapeRendererVS.cso
  compilation object save succeeded; see C:\Users\coroc\OneDrive - yamaguchigakuen\ゲームプロⅢ\ゲームプログラミングⅢ(学生配布)\ゲームプログラミングⅢ(学生配布)\Data\Shader\PrimitiveRendererPS.cso
  compilation object save succeeded; see C:\Users\coroc\OneDrive - yamaguchigakuen\ゲームプロⅢ\ゲームプログラミングⅢ(学生配布)\ゲームプログラミングⅢ(学生配布)\Data\Shader\PrimitiveRendererVS.cso
  compilation object save succeeded; see C:\Users\coroc\OneDrive - yamaguchigakuen\ゲームプロⅢ\ゲームプログラミングⅢ(学生配布)\ゲームプログラミングⅢ(学生配布)\Data\Shader\SpritePS.cso
  compilation object save succeeded; see C:\Users\coroc\OneDrive - yamaguchigakuen\ゲームプロⅢ\ゲームプログラミングⅢ(学生配布)\ゲームプログラミングⅢ(学生配布)\Data\Shader\SpriteVS.cso
  imgui.cpp
  imgui_demo.cpp
  imgui_draw.cpp
  imgui_impl_dx11.cpp
  imgui_impl_win32.cpp
  imgui_widgets.cpp
  Camera.cpp
  CameraController.cpp
  Character.cpp
  Collision.cpp
  EffectManager.cpp
  Enemy.cpp
  EnemyManager.cpp
  EnemySlime.cpp
  Framework.cpp
  Main.cpp
  MathUtils.cpp
C:\Users\coroc\OneDrive - yamaguchigakuen\ゲームプロⅢ\ゲームプログラミングⅢ(学生配布)\ゲームプログラミングⅢ(学生配布)\Source\EffectManager.cpp(1,10): error C1083: include ファイルを開けません。'EffeectManager.h':No such file or directory
  Player.cpp
  ProjectileHoming.cpp
  Projectile.cpp
  ProjectileManager.cpp
  ProjectileStraight.cpp
  SceneGame.cpp
  SceneLoading.cpp
  SceneManager.cpp
  SceneTitle.cpp
  Stage.cpp
  Audio.cpp
  AudioResource.cpp
C:\Users\coroc\OneDrive - yamaguchigakuen\ゲームプロⅢ\ゲームプログラミングⅢ(学生配布)\ゲームプログラミングⅢ(学生配布)\Source\Character.cpp(71,12): warning C4244: '初期化中': 'double' から 'float' への変換です。データが失われる可能性があります。
C:\Users\coroc\OneDrive - yamaguchigakuen\ゲームプロⅢ\ゲームプログラミングⅢ(学生配布)\ゲームプログラミングⅢ(学生配布)\Source\Character.cpp(76,9): warning C4552: '-': 式の結果が使用されていません
C:\Users\coroc\OneDrive - yamaguchigakuen\ゲームプロⅢ\ゲームプログラミングⅢ(学生配布)\ゲームプログラミングⅢ(学生配布)\Source\Character.cpp(81,9): warning C4552: '-': 式の結果が使用されていません
  AudioSource.cpp
  BasicShader.cpp
  GamePad.cpp
  GpuResourceUtils.cpp
  Graphics.cpp
C:\Users\coroc\OneDrive - yamaguchigakuen\ゲームプロⅢ\ゲームプログラミングⅢ(学生配布)\ゲームプログラミングⅢ(学生配布)\Source\Framework.cpp(33,17): error C2248: 'EffectManager::~EffectManager': private メンバー (クラス 'EffectManager' で宣言されている) にアクセスできません。
      C:\Users\coroc\OneDrive - yamaguchigakuen\ゲームプロⅢ\ゲームプログラミングⅢ(学生配布)\ゲームプログラミングⅢ(学生配布)\Source\EffectManager.h(11,3):
      'EffectManager::~EffectManager' の宣言を確認してください
      C:\Users\coroc\OneDrive - yamaguchigakuen\ゲームプロⅢ\ゲームプログラミングⅢ(学生配布)\ゲームプログラミングⅢ(学生配布)\Source\EffectManager.h(7,7):
      'EffectManager' の宣言を確認してください
  
  ImGuiRenderer.cpp
  Input.cpp
  LambertShader.cpp
  Model.cpp
  ModelRenderer.cpp
  ModelResource.cpp
  Mouse.cpp
  RenderState.cpp
  ShapeRenderer.cpp
  Sprite.cpp
